2024-07-12 17:10:18 [error]: Main function error: crawler.createRequestQueue is not a function
2024-07-12 17:18:07 [error]: Main function error: crawler.createRequestQueue is not a function
2024-07-12 19:17:45 [error]: Main function error: crawler.requestQueue is not a function
2024-07-12 19:24:34 [error]: Main function error: Cannot read properties of undefined (reading 'isEmpty')
2024-07-12 19:25:48 [error]: Main function error: Cannot read properties of undefined (reading 'addRequest')
2024-07-12 19:29:56 [error]: Main function error: crawler.isEmpty is not a function
2024-07-12 19:31:39 [error]: Main function error: crawler.addRequest is not a function
2024-07-13 11:38:14 [error]: Main function error: connect ECONNREFUSED ::1:27017, connect ECONNREFUSED 127.0.0.1:27017
2024-07-13 11:44:47 [error]: Main function error: connect ECONNREFUSED ::1:27017, connect ECONNREFUSED 127.0.0.1:27017
2024-07-13 12:02:54 [info]: Crawler finished.
2024-07-13 12:05:43 [info]: Scraping listing page: https://www.xvideos.com/
2024-07-13 12:05:44 [error]: Failed to save state: Cannot read properties of undefined (reading 'map')
2024-07-13 12:06:02 [info]: Scraping movie: https://www.xvideos.com/video.udepddo6a53/36508881/0/relentless_hippie_had_sex_with_me_at_the_woodstock_festival._fucked_for_three_days
2024-07-13 12:06:02 [info]: Scraped movie: Relentless hippie had sex with me at the Woodstock festival. Fucked for three days
2024-07-13 12:06:02 [error]: Failed to save state: Cannot read properties of undefined (reading 'map')
2024-07-13 12:06:22 [info]: Scraping movie: https://www.xvideos.com/video.uduacam69ae/36508881/0/putalocura_-_la_venezolana_cachonda_linda_hot_tragando_toda_la_lefa_de_torbe
2024-07-13 12:06:22 [info]: Scraped movie: PutaLocura - Horny Venezuelan Linda Hot swallowing all of Torbe&#039;s cum
2024-07-13 12:06:22 [error]: Failed to save state: Cannot read properties of undefined (reading 'map')
2024-07-13 12:06:30 [info]: Scraping movie: https://www.xvideos.com/video.udapvifdd44/36508881/0/hot_milf_alexis_fawx_needs_some_dick_before_leaving
2024-07-13 12:06:30 [info]: Scraped movie: Hot Milf Alexis Fawx Needs Some Dick Before Leaving
2024-07-13 12:06:30 [error]: Failed to save state: Cannot read properties of undefined (reading 'map')
2024-07-13 12:07:09 [info]: Scraping movie: https://www.xvideos.com/video.udchfem5f0e/36508881/0/granny_handjob_intense_and_huge_cumshot_for_foxxxy_darlin_-_over40handjobs
2024-07-13 12:07:09 [info]: Scraped movie: Granny handjob! Intense and HUGE CUMSHOT for Foxxxy Darlin - Over40Handjobs
2024-07-13 12:07:09 [error]: Failed to save state: Cannot read properties of undefined (reading 'map')
2024-07-13 12:08:03 [info]: Scraping movie: https://www.xvideos.com/video.ihelhvvccc0/36508881/0/bang_gonzo_-_eva_lovia_squirts_and_twerks_on_a_thick_cock
2024-07-13 12:08:04 [info]: Scraped movie: BANG Gonzo - Eva Lovia squirts and twerks on a thick cock
2024-07-13 12:08:04 [error]: Failed to save state: Cannot read properties of undefined (reading 'map')
2024-07-13 12:08:47 [info]: Crawler finished.
2024-07-13 12:17:34 [info]: Scraping listing page: https://www.xvideos.com/
2024-07-13 12:17:35 [error]: Failed to save state: Cannot read properties of undefined (reading 'map')
2024-07-13 12:18:32 [info]: Scraping movie: https://www.xvideos.com/video.uddpapm4e76/36509027/0/latina_step_sister_edges_your_cock_-_gaby_ortega_-_family_therapy_-_alex_adams
2024-07-13 12:18:32 [info]: Scraped movie: Latina Step Sister Edges Your Cock - Gaby Ortega - Family Therapy - Alex Adams
2024-07-13 12:18:32 [error]: Failed to save state: Cannot read properties of undefined (reading 'map')
2024-07-13 12:18:34 [info]: Scraping movie: https://www.xvideos.com/video.udpmmfkb27f/36509027/0/fastfood_sex_at_popeyes_most_popular_porn_video_ever
2024-07-13 12:18:34 [info]: Scraped movie: FASTFOOD SEX AT POPEYES : MOST POPULAR PORN VIDEO EVER
2024-07-13 12:18:34 [error]: Failed to save state: Cannot read properties of undefined (reading 'map')
2024-07-13 12:18:35 [info]: Scraping movie: https://www.xvideos.com/video.iiteckobc6c/36509027/0/die_kleine_nikki_thorne_-_zum_ficken_wohl_geboren
2024-07-13 12:18:35 [info]: Scraped movie: Little Nikki Thorne - probably born to fuck
2024-07-13 12:18:35 [error]: Failed to save state: Cannot read properties of undefined (reading 'map')
2024-07-13 12:18:36 [info]: Scraping movie: https://www.xvideos.com/video.uaembkkfda5/36509027/0/vanessa_vega_vs_will_tile_-_will_vanessa_have_to_take_that_bbc_
2024-07-13 12:18:36 [info]: Scraped movie: Vanessa Vega vs Will Tile - Will Vanessa Have to Take That BBC?
2024-07-13 12:18:36 [error]: Failed to save state: Cannot read properties of undefined (reading 'map')
2024-07-13 12:18:38 [info]: Scraping movie: https://www.xvideos.com/video.udeuakdd5f9/36509027/0/mi_amigo_se_calienta_en_el_parque_y_se_la_chupo_..._se_corre_en_mi_boca_..._que_rico_semen_alexachris20
2024-07-13 12:18:38 [info]: Scraped movie: my friend gets horny in the park and I suck him... he cums in my mouth... what a delicious cum alexachris20
2024-07-13 12:18:38 [error]: Failed to save state: Cannot read properties of undefined (reading 'map')
2024-07-13 12:19:22 [info]: Crawler finished.
2024-07-13 12:30:46 [info]: Scraping listing page: https://www.xvideos.com/
2024-07-13 12:30:47 [error]: Failed to save state: Cannot read properties of undefined (reading 'map')
2024-07-13 12:31:30 [info]: Scraping listing page: https://www.xvideos.com/
2024-07-13 12:32:19 [info]: Scraping movie: https://www.xvideos.com/video.udpmmfkb27f/36509149/0/fastfood_sex_at_popeyes_most_popular_porn_video_ever
2024-07-13 12:32:19 [info]: Scraped movie: FASTFOOD SEX AT POPEYES : MOST POPULAR PORN VIDEO EVER
2024-07-13 12:32:19 [error]: Failed to scrape movie: movies is not defined
2024-07-13 12:32:19 [info]: Scraping movie: https://www.xvideos.com/video.uddpapm4e76/36509149/0/latina_step_sister_edges_your_cock_-_gaby_ortega_-_family_therapy_-_alex_adams
2024-07-13 12:32:19 [info]: Scraped movie: Latina Step Sister Edges Your Cock - Gaby Ortega - Family Therapy - Alex Adams
2024-07-13 12:32:19 [error]: Failed to scrape movie: movies is not defined
2024-07-13 12:32:21 [info]: Scraping movie: https://www.xvideos.com/video.uaembkkfda5/36509149/0/vanessa_vega_vs_will_tile_-_will_vanessa_have_to_take_that_bbc_
2024-07-13 12:32:21 [info]: Scraped movie: Vanessa Vega vs Will Tile - Will Vanessa Have to Take That BBC?
2024-07-13 12:32:21 [error]: Failed to scrape movie: movies is not defined
2024-07-13 12:32:23 [info]: Scraping movie: https://www.xvideos.com/video.iiteckobc6c/36509149/0/die_kleine_nikki_thorne_-_zum_ficken_wohl_geboren
2024-07-13 12:32:23 [info]: Scraped movie: Little Nikki Thorne - probably born to fuck
2024-07-13 12:32:23 [error]: Failed to scrape movie: movies is not defined
2024-07-13 12:32:34 [info]: Scraping movie: https://www.xvideos.com/video.kmeuaov09aa/36509149/0/step_brother_fucks_sister_helps_morning_wood
2024-07-13 12:32:34 [info]: Scraped movie: Step brother fucks sister helps morning wood
2024-07-13 12:32:34 [error]: Failed to scrape movie: movies is not defined
2024-07-13 12:32:38 [info]: Crawler finished.
2024-07-13 12:36:04 [info]: Scraping listing page: https://www.xvideos.com/
2024-07-13 12:37:14 [info]: Scraping movie: https://www.xvideos.com/video.uaembkkfda5/36509149/0/vanessa_vega_vs_will_tile_-_will_vanessa_have_to_take_that_bbc_
2024-07-13 12:37:14 [info]: Scraped movie: Vanessa Vega vs Will Tile - Will Vanessa Have to Take That BBC?
2024-07-13 12:37:16 [info]: Scraping movie: https://www.xvideos.com/video.kmeuaov09aa/36509149/0/step_brother_fucks_sister_helps_morning_wood
2024-07-13 12:37:16 [info]: Scraped movie: Step brother fucks sister helps morning wood
2024-07-13 12:37:51 [info]: Scraping movie: https://www.xvideos.com/video.udeuakdd5f9/36509149/0/mi_amigo_se_calienta_en_el_parque_y_se_la_chupo_..._se_corre_en_mi_boca_..._que_rico_semen_alexachris20
2024-07-13 12:37:51 [info]: Scraped movie: my friend gets horny in the park and I suck him... he cums in my mouth... what a delicious cum alexachris20
2024-07-13 13:14:05 [info]: Scraping listing page: https://www.xvideos.com/
2024-07-13 13:16:37 [info]: Crawler finished.
2024-07-13 13:19:53 [info]: Scraping listing page: https://www.xvideos.com/
2024-07-13 13:20:26 [info]: Scraping movie: https://www.xvideos.com/video.udeuthf43d0/36509711/0/colonize_me_daddy_-_she_couldn_t_get_enough_-_barbie_rous
2024-07-13 13:20:26 [info]: Scraped movie: COLONIZE ME DADDY - She Couldn&acute;t Get Enough - Barbie Rous
2024-07-13 13:20:39 [info]: Scraping movie: https://www.xvideos.com/video.ubfvipdac7a/36509711/0/women_on_top_creampie
2024-07-13 13:20:39 [info]: Scraped movie: Women On Top Creampie
2024-07-13 13:21:54 [info]: Crawler finished.
2024-07-13 21:41:10 [info]: Scraping listing page: https://www.xvideos.com/
2024-07-13 21:42:58 [info]: Scraping movie: https://www.xvideos.com/video.ucdvtbf2e02/36515073/0/african_casting_-_busty_black_dancer_bouncing_on_bwc_in_audition
2024-07-13 21:42:58 [info]: Scraped movie: African Casting - Busty Black Dancer Bouncing On BWC In Audition
2024-07-13 21:43:49 [info]: Scraping movie: https://www.xvideos.com/video.udeibtm8342/36515073/0/closeup_creampie_for_teen_tight_wet_tasty_pussy_in_missionary
2024-07-13 21:43:49 [info]: Scraped movie: Closeup creampie for teen tight wet tasty pussy in missionary
2024-07-13 21:44:22 [info]: Crawler finished.
2024-07-14 10:46:37 [info]: Scraping listing page: https://www.xvideos.com/
2024-07-14 10:47:47 [info]: Scraping movie: https://www.xvideos.com/video.udeahcd63bd/36523345/0/beautiful_teen_pussy_creampied_-_couple_compilation
2024-07-14 10:47:47 [info]: Scraped movie: Beautiful teen pussy creampied - couple compilation
2024-07-14 10:48:04 [info]: Crawler finished.
